"[2m2025-01-03 02:03:05.750[0;39m [32m INFO[0;39m [35m14808[0;39m [2m---[0;39m [2m[           main][0;39m [36mcom.example.test.TestApplication        [0;39m [2m:[0;39m Starting TestApplication using Java 17.0.12 with PID 14808 (C:\Users\waken\Desktop\wechatbot\WechatBot\target\classes started by ZC in C:\Users\waken\Desktop\wechatbot\WechatBot)
""[2m2025-01-03 02:03:05.755[0;39m [32m INFO[0;39m [35m14808[0;39m [2m---[0;39m [2m[           main][0;39m [36mcom.example.test.TestApplication        [0;39m [2m:[0;39m No active profile set, falling back to 1 default profile: "default"
""[2m2025-01-03 02:03:06.655[0;39m [32m INFO[0;39m [35m14808[0;39m [2m---[0;39m [2m[           main][0;39m [36m.s.d.r.c.RepositoryConfigurationDelegate[0;39m [2m:[0;39m Bootstrapping Spring Data JPA repositories in DEFAULT mode.
""[2m2025-01-03 02:03:06.704[0;39m [32m INFO[0;39m [35m14808[0;39m [2m---[0;39m [2m[           main][0;39m [36m.s.d.r.c.RepositoryConfigurationDelegate[0;39m [2m:[0;39m Finished Spring Data repository scanning in 40 ms. Found 3 JPA repository interfaces.
""[2m2025-01-03 02:03:07.124[0;39m [32m INFO[0;39m [35m14808[0;39m [2m---[0;39m [2m[           main][0;39m [36mo.s.cloud.context.scope.GenericScope    [0;39m [2m:[0;39m BeanFactory id=2d0d9d57-7df3-3f0c-8bec-20d160ed245a
""[2m2025-01-03 02:03:07.388[0;39m [32m INFO[0;39m [35m14808[0;39m [2m---[0;39m [2m[           main][0;39m [36mo.s.b.w.embedded.tomcat.TomcatWebServer [0;39m [2m:[0;39m Tomcat initialized with port 8080 (http)
""[2m2025-01-03 02:03:07.395[0;39m [32m INFO[0;39m [35m14808[0;39m [2m---[0;39m [2m[           main][0;39m [36mo.apache.catalina.core.StandardService  [0;39m [2m:[0;39m Starting service [Tomcat]
""[2m2025-01-03 02:03:07.396[0;39m [32m INFO[0;39m [35m14808[0;39m [2m---[0;39m [2m[           main][0;39m [36mo.apache.catalina.core.StandardEngine   [0;39m [2m:[0;39m Starting Servlet engine: [Apache Tomcat/10.1.16]
""[2m2025-01-03 02:03:07.456[0;39m [32m INFO[0;39m [35m14808[0;39m [2m---[0;39m [2m[           main][0;39m [36mo.a.c.c.C.[Tomcat].[localhost].[/]      [0;39m [2m:[0;39m Initializing Spring embedded WebApplicationContext
""[2m2025-01-03 02:03:07.457[0;39m [32m INFO[0;39m [35m14808[0;39m [2m---[0;39m [2m[           main][0;39m [36mw.s.c.ServletWebServerApplicationContext[0;39m [2m:[0;39m Root WebApplicationContext: initialization completed in 1549 ms
""[2m2025-01-03 02:03:07.568[0;39m [32m INFO[0;39m [35m14808[0;39m [2m---[0;39m [2m[           main][0;39m [36mo.hibernate.jpa.internal.util.LogHelper [0;39m [2m:[0;39m HHH000204: Processing PersistenceUnitInfo [name: default]
""[2m2025-01-03 02:03:07.608[0;39m [32m INFO[0;39m [35m14808[0;39m [2m---[0;39m [2m[           main][0;39m [36morg.hibernate.Version                   [0;39m [2m:[0;39m HHH000412: Hibernate ORM core version 6.4.3.Final
""[2m2025-01-03 02:03:07.638[0;39m [32m INFO[0;39m [35m14808[0;39m [2m---[0;39m [2m[           main][0;39m [36mo.h.c.internal.RegionFactoryInitiator   [0;39m [2m:[0;39m HHH000026: Second-level cache disabled
""[2m2025-01-03 02:03:07.794[0;39m [32m INFO[0;39m [35m14808[0;39m [2m---[0;39m [2m[           main][0;39m [36mo.s.o.j.p.SpringPersistenceUnitInfo     [0;39m [2m:[0;39m No LoadTimeWeaver setup: ignoring JPA class transformer
""[2m2025-01-03 02:03:07.813[0;39m [32m INFO[0;39m [35m14808[0;39m [2m---[0;39m [2m[           main][0;39m [36mcom.zaxxer.hikari.HikariDataSource      [0;39m [2m:[0;39m HikariPool-1 - Starting...
""[2m2025-01-03 02:03:07.969[0;39m [32m INFO[0;39m [35m14808[0;39m [2m---[0;39m [2m[           main][0;39m [36mcom.zaxxer.hikari.pool.HikariPool       [0;39m [2m:[0;39m HikariPool-1 - Added connection org.sqlite.jdbc4.JDBC4Connection@7b3085a3
""[2m2025-01-03 02:03:07.971[0;39m [32m INFO[0;39m [35m14808[0;39m [2m---[0;39m [2m[           main][0;39m [36mcom.zaxxer.hikari.HikariDataSource      [0;39m [2m:[0;39m HikariPool-1 - Start completed.
""[2m2025-01-03 02:03:08.557[0;39m [32m INFO[0;39m [35m14808[0;39m [2m---[0;39m [2m[           main][0;39m [36mo.h.e.t.j.p.i.JtaPlatformInitiator      [0;39m [2m:[0;39m HHH000489: No JTA platform available (set 'hibernate.transaction.jta.platform' to enable JTA platform integration)
""[2m2025-01-03 02:03:08.593[0;39m [32m INFO[0;39m [35m14808[0;39m [2m---[0;39m [2m[           main][0;39m [36mj.LocalContainerEntityManagerFactoryBean[0;39m [2m:[0;39m Initialized JPA EntityManagerFactory for persistence unit 'default'
""[2m2025-01-03 02:03:09.186[0;39m [32m INFO[0;39m [35m14808[0;39m [2m---[0;39m [2m[           main][0;39m [36mo.s.d.j.r.query.QueryEnhancerFactory    [0;39m [2m:[0;39m Hibernate is in classpath; If applicable, HQL parser will be used.
""[2m2025-01-03 02:03:09.409[0;39m [32m INFO[0;39m [35m14808[0;39m [2m---[0;39m [2m[           main][0;39m [36mo.s.b.a.w.s.WelcomePageHandlerMapping   [0;39m [2m:[0;39m Adding welcome page: class path resource [static/index.html]
""[2m2025-01-03 02:03:10.804[0;39m [32m INFO[0;39m [35m14808[0;39m [2m---[0;39m [2m[           main][0;39m [36mo.s.cloud.commons.util.InetUtils        [0;39m [2m:[0;39m Cannot determine local hostname
""[2m2025-01-03 02:03:11.919[0;39m [32m INFO[0;39m [35m14808[0;39m [2m---[0;39m [2m[           main][0;39m [36mo.s.cloud.commons.util.InetUtils        [0;39m [2m:[0;39m Cannot determine local hostname
""[2m2025-01-03 02:03:11.991[0;39m [32m INFO[0;39m [35m14808[0;39m [2m---[0;39m [2m[           main][0;39m [36mo.s.b.w.embedded.tomcat.TomcatWebServer [0;39m [2m:[0;39m Tomcat started on port 8080 (http) with context path ''
""[2m2025-01-03 02:03:13.082[0;39m [32m INFO[0;39m [35m14808[0;39m [2m---[0;39m [2m[           main][0;39m [36mo.s.cloud.commons.util.InetUtils        [0;39m [2m:[0;39m Cannot determine local hostname
""[2m2025-01-03 02:03:14.185[0;39m [32m INFO[0;39m [35m14808[0;39m [2m---[0;39m [2m[           main][0;39m [36mo.s.cloud.commons.util.InetUtils        [0;39m [2m:[0;39m Cannot determine local hostname
""[2m2025-01-03 02:03:14.200[0;39m [32m INFO[0;39m [35m14808[0;39m [2m---[0;39m [2m[           main][0;39m [36mcom.example.test.TestApplication        [0;39m [2m:[0;39m Started TestApplication in 10.06 seconds (process running for 10.926)
""[2m2025-01-03 02:03:39.330[0;39m [32m INFO[0;39m [35m14808[0;39m [2m---[0;39m [2m[nio-8080-exec-2][0;39m [36mo.a.c.c.C.[Tomcat].[localhost].[/]      [0;39m [2m:[0;39m Initializing Spring DispatcherServlet 'dispatcherServlet'
""[2m2025-01-03 02:03:39.331[0;39m [32m INFO[0;39m [35m14808[0;39m [2m---[0;39m [2m[nio-8080-exec-2][0;39m [36mo.s.web.servlet.DispatcherServlet       [0;39m [2m:[0;39m Initializing Servlet 'dispatcherServlet'
""[2m2025-01-03 02:03:39.333[0;39m [32m INFO[0;39m [35m14808[0;39m [2m---[0;39m [2m[nio-8080-exec-2][0;39m [36mo.s.web.servlet.DispatcherServlet       [0;39m [2m:[0;39m Completed initialization in 1 ms
""[2m2025-01-03 02:03:39.870[0;39m [32m INFO[0;39m [35m14808[0;39m [2m---[0;39m [2m[nio-8080-exec-8][0;39m [36mo.springdoc.api.AbstractOpenApiResource [0;39m [2m:[0;39m Init duration for springdoc-openapi is: 249 ms
""[2m2025-01-03 02:19:45.657[0;39m [32m INFO[0;39m [35m14808[0;39m [2m---[0;39m [2m[ionShutdownHook][0;39m [36mj.LocalContainerEntityManagerFactoryBean[0;39m [2m:[0;39m Closing JPA EntityManagerFactory for persistence unit 'default'
""[2m2025-01-03 02:19:45.659[0;39m [32m INFO[0;39m [35m14808[0;39m [2m---[0;39m [2m[ionShutdownHook][0;39m [36mcom.zaxxer.hikari.HikariDataSource      [0;39m [2m:[0;39m HikariPool-1 - Shutdown initiated...
""[2m2025-01-03 02:19:45.661[0;39m [32m INFO[0;39m [35m14808[0;39m [2m---[0;39m [2m[ionShutdownHook][0;39m [36mcom.zaxxer.hikari.HikariDataSource      [0;39m [2m:[0;39m HikariPool-1 - Shutdown completed.
""2025-01-03 02:21:02.949  INFO 2768 --- [           main] com.example.test.TestApplicationTests    : Starting TestApplicationTests using Java 17.0.12 with PID 2768 (started by ZC in C:\Users\waken\Desktop\wechatbot\WechatBot)
""2025-01-03 02:21:02.951  INFO 2768 --- [           main] com.example.test.TestApplicationTests    : No active profile set, falling back to 1 default profile: "default"
""2025-01-03 02:21:04.234  INFO 2768 --- [           main] .s.d.r.c.RepositoryConfigurationDelegate : Bootstrapping Spring Data JPA repositories in DEFAULT mode.
""2025-01-03 02:21:04.372  INFO 2768 --- [           main] .s.d.r.c.RepositoryConfigurationDelegate : Finished Spring Data repository scanning in 129 ms. Found 3 JPA repository interfaces.
""2025-01-03 02:21:04.945  INFO 2768 --- [           main] o.s.cloud.context.scope.GenericScope     : BeanFactory id=3e8fc6db-7ed3-3645-8f6f-e2e2642328ad
""2025-01-03 02:21:05.333  INFO 2768 --- [           main] o.hibernate.jpa.internal.util.LogHelper  : HHH000204: Processing PersistenceUnitInfo [name: default]
""2025-01-03 02:21:05.418  INFO 2768 --- [           main] org.hibernate.Version                    : HHH000412: Hibernate ORM core version 6.4.3.Final
""2025-01-03 02:21:05.460  INFO 2768 --- [           main] o.h.c.internal.RegionFactoryInitiator    : HHH000026: Second-level cache disabled
""2025-01-03 02:21:05.849  INFO 2768 --- [           main] o.s.o.j.p.SpringPersistenceUnitInfo      : No LoadTimeWeaver setup: ignoring JPA class transformer
""2025-01-03 02:21:05.892  INFO 2768 --- [           main] com.zaxxer.hikari.HikariDataSource       : HikariPool-1 - Starting...
""2025-01-03 02:21:06.065  INFO 2768 --- [           main] com.zaxxer.hikari.pool.HikariPool        : HikariPool-1 - Added connection org.sqlite.jdbc4.JDBC4Connection@3dfc59c5
""2025-01-03 02:21:06.068  INFO 2768 --- [           main] com.zaxxer.hikari.HikariDataSource       : HikariPool-1 - Start completed.
""2025-01-03 02:21:06.920  INFO 2768 --- [           main] o.h.e.t.j.p.i.JtaPlatformInitiator       : HHH000489: No JTA platform available (set 'hibernate.transaction.jta.platform' to enable JTA platform integration)
""2025-01-03 02:21:06.979  INFO 2768 --- [           main] j.LocalContainerEntityManagerFactoryBean : Initialized JPA EntityManagerFactory for persistence unit 'default'
""2025-01-03 02:21:07.377  INFO 2768 --- [           main] o.s.d.j.r.query.QueryEnhancerFactory     : Hibernate is in classpath; If applicable, HQL parser will be used.
""2025-01-03 02:21:08.474  INFO 2768 --- [           main] o.s.b.a.w.s.WelcomePageHandlerMapping    : Adding welcome page: class path resource [static/index.html]
""2025-01-03 02:21:10.111  INFO 2768 --- [           main] o.s.cloud.commons.util.InetUtils         : Cannot determine local hostname
""2025-01-03 02:21:11.225  INFO 2768 --- [           main] o.s.cloud.commons.util.InetUtils         : Cannot determine local hostname
""2025-01-03 02:21:11.290  INFO 2768 --- [           main] com.example.test.TestApplicationTests    : Started TestApplicationTests in 9.747 seconds (process running for 11.022)
""2025-01-03 02:21:11.875  INFO 2768 --- [ionShutdownHook] j.LocalContainerEntityManagerFactoryBean : Closing JPA EntityManagerFactory for persistence unit 'default'
""2025-01-03 02:21:11.878  INFO 2768 --- [ionShutdownHook] com.zaxxer.hikari.HikariDataSource       : HikariPool-1 - Shutdown initiated...
""2025-01-03 02:21:11.881  INFO 2768 --- [ionShutdownHook] com.zaxxer.hikari.HikariDataSource       : HikariPool-1 - Shutdown completed.
""[2m2025-01-03 02:32:43.102[0;39m [32m INFO[0;39m [35m15848[0;39m [2m---[0;39m [2m[           main][0;39m [36mcom.example.test.TestApplication        [0;39m [2m:[0;39m Starting TestApplication using Java 17.0.12 with PID 15848 (C:\Users\waken\Desktop\wechatbot\WechatBot\target\classes started by ZC in C:\Users\waken\Desktop\wechatbot\WechatBot)
""[2m2025-01-03 02:32:43.103[0;39m [32m INFO[0;39m [35m15848[0;39m [2m---[0;39m [2m[           main][0;39m [36mcom.example.test.TestApplication        [0;39m [2m:[0;39m No active profile set, falling back to 1 default profile: "default"
""[2m2025-01-03 02:32:43.930[0;39m [32m INFO[0;39m [35m15848[0;39m [2m---[0;39m [2m[           main][0;39m [36m.s.d.r.c.RepositoryConfigurationDelegate[0;39m [2m:[0;39m Bootstrapping Spring Data JPA repositories in DEFAULT mode.
""[2m2025-01-03 02:32:43.975[0;39m [32m INFO[0;39m [35m15848[0;39m [2m---[0;39m [2m[           main][0;39m [36m.s.d.r.c.RepositoryConfigurationDelegate[0;39m [2m:[0;39m Finished Spring Data repository scanning in 38 ms. Found 2 JPA repository interfaces.
""[2m2025-01-03 02:32:44.340[0;39m [32m INFO[0;39m [35m15848[0;39m [2m---[0;39m [2m[           main][0;39m [36mo.s.cloud.context.scope.GenericScope    [0;39m [2m:[0;39m BeanFactory id=6f94d486-9d6d-3979-ae1e-89d779c38716
""[2m2025-01-03 02:32:44.594[0;39m [32m INFO[0;39m [35m15848[0;39m [2m---[0;39m [2m[           main][0;39m [36mo.s.b.w.embedded.tomcat.TomcatWebServer [0;39m [2m:[0;39m Tomcat initialized with port 8080 (http)
""[2m2025-01-03 02:32:44.601[0;39m [32m INFO[0;39m [35m15848[0;39m [2m---[0;39m [2m[           main][0;39m [36mo.apache.catalina.core.StandardService  [0;39m [2m:[0;39m Starting service [Tomcat]
""[2m2025-01-03 02:32:44.602[0;39m [32m INFO[0;39m [35m15848[0;39m [2m---[0;39m [2m[           main][0;39m [36mo.apache.catalina.core.StandardEngine   [0;39m [2m:[0;39m Starting Servlet engine: [Apache Tomcat/10.1.16]
""[2m2025-01-03 02:32:44.673[0;39m [32m INFO[0;39m [35m15848[0;39m [2m---[0;39m [2m[           main][0;39m [36mo.a.c.c.C.[Tomcat].[localhost].[/]      [0;39m [2m:[0;39m Initializing Spring embedded WebApplicationContext
""[2m2025-01-03 02:32:44.673[0;39m [32m INFO[0;39m [35m15848[0;39m [2m---[0;39m [2m[           main][0;39m [36mw.s.c.ServletWebServerApplicationContext[0;39m [2m:[0;39m Root WebApplicationContext: initialization completed in 1420 ms
""[2m2025-01-03 02:32:44.793[0;39m [32m INFO[0;39m [35m15848[0;39m [2m---[0;39m [2m[           main][0;39m [36mo.hibernate.jpa.internal.util.LogHelper [0;39m [2m:[0;39m HHH000204: Processing PersistenceUnitInfo [name: default]
""[2m2025-01-03 02:32:44.834[0;39m [32m INFO[0;39m [35m15848[0;39m [2m---[0;39m [2m[           main][0;39m [36morg.hibernate.Version                   [0;39m [2m:[0;39m HHH000412: Hibernate ORM core version 6.4.3.Final
""[2m2025-01-03 02:32:44.868[0;39m [32m INFO[0;39m [35m15848[0;39m [2m---[0;39m [2m[           main][0;39m [36mo.h.c.internal.RegionFactoryInitiator   [0;39m [2m:[0;39m HHH000026: Second-level cache disabled
""[2m2025-01-03 02:32:45.035[0;39m [32m INFO[0;39m [35m15848[0;39m [2m---[0;39m [2m[           main][0;39m [36mo.s.o.j.p.SpringPersistenceUnitInfo     [0;39m [2m:[0;39m No LoadTimeWeaver setup: ignoring JPA class transformer
""[2m2025-01-03 02:32:45.057[0;39m [32m INFO[0;39m [35m15848[0;39m [2m---[0;39m [2m[           main][0;39m [36mcom.zaxxer.hikari.HikariDataSource      [0;39m [2m:[0;39m HikariPool-1 - Starting...
""[2m2025-01-03 02:32:45.193[0;39m [32m INFO[0;39m [35m15848[0;39m [2m---[0;39m [2m[           main][0;39m [36mcom.zaxxer.hikari.pool.HikariPool       [0;39m [2m:[0;39m HikariPool-1 - Added connection org.sqlite.jdbc4.JDBC4Connection@27dfd12b
""[2m2025-01-03 02:32:45.195[0;39m [32m INFO[0;39m [35m15848[0;39m [2m---[0;39m [2m[           main][0;39m [36mcom.zaxxer.hikari.HikariDataSource      [0;39m [2m:[0;39m HikariPool-1 - Start completed.
""[2m2025-01-03 02:32:45.758[0;39m [32m INFO[0;39m [35m15848[0;39m [2m---[0;39m [2m[           main][0;39m [36mo.h.e.t.j.p.i.JtaPlatformInitiator      [0;39m [2m:[0;39m HHH000489: No JTA platform available (set 'hibernate.transaction.jta.platform' to enable JTA platform integration)
""[2m2025-01-03 02:32:45.789[0;39m [32m INFO[0;39m [35m15848[0;39m [2m---[0;39m [2m[           main][0;39m [36mj.LocalContainerEntityManagerFactoryBean[0;39m [2m:[0;39m Initialized JPA EntityManagerFactory for persistence unit 'default'
""[2m2025-01-03 02:32:46.029[0;39m [32m INFO[0;39m [35m15848[0;39m [2m---[0;39m [2m[           main][0;39m [36mo.s.d.j.r.query.QueryEnhancerFactory    [0;39m [2m:[0;39m Hibernate is in classpath; If applicable, HQL parser will be used.
""[2m2025-01-03 02:32:46.617[0;39m [32m INFO[0;39m [35m15848[0;39m [2m---[0;39m [2m[           main][0;39m [36mo.s.b.a.w.s.WelcomePageHandlerMapping   [0;39m [2m:[0;39m Adding welcome page: class path resource [static/index.html]
""[2m2025-01-03 02:32:48.041[0;39m [32m INFO[0;39m [35m15848[0;39m [2m---[0;39m [2m[           main][0;39m [36mo.s.cloud.commons.util.InetUtils        [0;39m [2m:[0;39m Cannot determine local hostname
""[2m2025-01-03 02:32:49.151[0;39m [32m INFO[0;39m [35m15848[0;39m [2m---[0;39m [2m[           main][0;39m [36mo.s.cloud.commons.util.InetUtils        [0;39m [2m:[0;39m Cannot determine local hostname
""[2m2025-01-03 02:32:49.223[0;39m [32m INFO[0;39m [35m15848[0;39m [2m---[0;39m [2m[           main][0;39m [36mo.s.b.w.embedded.tomcat.TomcatWebServer [0;39m [2m:[0;39m Tomcat started on port 8080 (http) with context path ''
""[2m2025-01-03 02:32:50.324[0;39m [32m INFO[0;39m [35m15848[0;39m [2m---[0;39m [2m[           main][0;39m [36mo.s.cloud.commons.util.InetUtils        [0;39m [2m:[0;39m Cannot determine local hostname
""[2m2025-01-03 02:32:51.432[0;39m [32m INFO[0;39m [35m15848[0;39m [2m---[0;39m [2m[           main][0;39m [36mo.s.cloud.commons.util.InetUtils        [0;39m [2m:[0;39m Cannot determine local hostname
""[2m2025-01-03 02:32:51.445[0;39m [32m INFO[0;39m [35m15848[0;39m [2m---[0;39m [2m[           main][0;39m [36mcom.example.test.TestApplication        [0;39m [2m:[0;39m Started TestApplication in 9.792 seconds (process running for 11.203)
""[2m2025-01-03 02:32:53.264[0;39m [32m INFO[0;39m [35m15848[0;39m [2m---[0;39m [2m[nio-8080-exec-1][0;39m [36mo.a.c.c.C.[Tomcat].[localhost].[/]      [0;39m [2m:[0;39m Initializing Spring DispatcherServlet 'dispatcherServlet'
""[2m2025-01-03 02:32:53.265[0;39m [32m INFO[0;39m [35m15848[0;39m [2m---[0;39m [2m[nio-8080-exec-1][0;39m [36mo.s.web.servlet.DispatcherServlet       [0;39m [2m:[0;39m Initializing Servlet 'dispatcherServlet'
""[2m2025-01-03 02:32:53.266[0;39m [32m INFO[0;39m [35m15848[0;39m [2m---[0;39m [2m[nio-8080-exec-1][0;39m [36mo.s.web.servlet.DispatcherServlet       [0;39m [2m:[0;39m Completed initialization in 1 ms
""[2m2025-01-03 02:32:53.740[0;39m [32m INFO[0;39m [35m15848[0;39m [2m---[0;39m [2m[io-8080-exec-10][0;39m [36mo.springdoc.api.AbstractOpenApiResource [0;39m [2m:[0;39m Init duration for springdoc-openapi is: 226 ms
"